<?xml version="1.0" encoding="utf-8"?><testsuites name="pytest tests"><testsuite name="pytest" errors="0" failures="0" skipped="0" tests="15" time="8.121" timestamp="2026-06-26T01:43:23.100473+00:00" hostname="agent-env-ebbdd96e-27c1-43e4-8b34-1d792af8df77"><testcase classname="tests.test_flipbook_api" name="test_root" time="0.255" /><testcase classname="tests.test_flipbook_api" name="test_create_book" time="0.051" /><testcase classname="tests.test_flipbook_api" name="test_list_books" time="0.048" /><testcase classname="tests.test_flipbook_api" name="test_get_book_by_id" time="0.050" /><testcase classname="tests.test_flipbook_api" name="test_get_book_404" time="0.050" /><testcase classname="tests.test_flipbook_api" name="test_upload_image_and_pdf" time="4.395" /><testcase classname="tests.test_flipbook_api" name="test_unsupported_file_rejected" time="0.048" /><testcase classname="tests.test_flipbook_api" name="test_serve_file" time="0.896" /><testcase classname="tests.test_flipbook_api" name="test_serve_file_404" time="0.478" /><testcase classname="tests.test_flipbook_api" name="test_reorder_pages" time="0.144" /><testcase classname="tests.test_flipbook_api" name="test_delete_page" time="0.092" /><testcase classname="tests.test_flipbook_api" name="test_rename_book" time="0.092" /><testcase classname="tests.test_flipbook_api" name="test_rename_book_404" time="0.047" /><testcase classname="tests.test_flipbook_api" name="test_delete_book_soft" time="0.190" /><testcase classname="tests.test_flipbook_api" name="test_delete_book_404" time="0.264" /></testsuite></testsuites>