<?xml version="1.0" encoding="utf-8"?><testsuites name="pytest tests"><testsuite name="pytest" errors="0" failures="1" skipped="0" tests="27" time="7.993" timestamp="2026-06-26T02:11:20.917801+00:00" hostname="agent-env-ebbdd96e-27c1-43e4-8b34-1d792af8df77"><testcase classname="tests.test_flipbook_api" name="test_root" time="0.206" /><testcase classname="tests.test_flipbook_api" name="test_create_book" time="0.052" /><testcase classname="tests.test_flipbook_api" name="test_list_books" time="0.048" /><testcase classname="tests.test_flipbook_api" name="test_get_book_by_id" time="0.576" /><testcase classname="tests.test_flipbook_v2" name="test_pages_have_dimensions" time="0.994" /><testcase classname="tests.test_flipbook_api" name="test_get_book_404" time="0.061" /><testcase classname="tests.test_flipbook_api" name="test_upload_image_and_pdf" time="1.972" /><testcase classname="tests.test_flipbook_v2" name="test_share_lifecycle" time="2.672" /><testcase classname="tests.test_flipbook_api" name="test_unsupported_file_rejected" time="0.046" /><testcase classname="tests.test_flipbook_api" name="test_serve_file" time="0.284" /><testcase classname="tests.test_flipbook_api" name="test_serve_file_404" time="0.413" /><testcase classname="tests.test_flipbook_api" name="test_reorder_pages" time="0.138" /><testcase classname="tests.test_flipbook_v2" name="test_share_invalid_id" time="0.144" /><testcase classname="tests.test_flipbook_api" name="test_delete_page" time="0.099" /><testcase classname="tests.test_flipbook_v2" name="test_share_404_on_missing_book" time="0.139" /><testcase classname="tests.test_flipbook_api" name="test_rename_book" time="0.093" /><testcase classname="tests.test_flipbook_v2" name="test_set_cover_from_page" time="0.263" /><testcase classname="tests.test_flipbook_api" name="test_rename_book_404" time="0.049" /><testcase classname="tests.test_flipbook_api" name="test_delete_book_soft" time="0.220" /><testcase classname="tests.test_flipbook_v2" name="test_upload_custom_cover" time="0.357" /><testcase classname="tests.test_flipbook_api" name="test_delete_book_404" time="0.206" /><testcase classname="tests.test_flipbook_v2" name="test_cover_rejects_non_image" time="0.099" /><testcase classname="tests.test_flipbook_v2" name="test_rotate_swaps_dimensions" time="1.338" /><testcase classname="tests.test_file_serving" name="test_serve_file_returns_image_200" time="0.622"><failure message="AssertionError: assert 'max-age' in 'no-store, no-cache, must-revalidate'&#10; +  where 'no-store, no-cache, must-revalidate' = get('Cache-Control', '')&#10; +    where get = {'Date': 'Fri, 26 Jun 2026 02:11:26 GMT', 'Content-Type': 'image/png', 'Content-Length': '282', 'Connection': 'keep-alive', 'CF-Ray': 'a118ae6a6ba33426-ORD', 'CF-Cache-Status': 'DYNAMIC', 'Access-Control-Allow-Origin': '*', 'Cache-Control': 'no-store, no-cache, must-revalidate', 'Server': 'cloudflare', 'Via': '1.1 google', 'Access-Control-Allow-Headers': '*', 'Access-Control-Allow-Methods': 'GET, POST, PUT, DELETE, OPTIONS, HEAD, PATCH', 'Access-Control-Max-Age': '300', 'set-cookie': '__cf_bm=HymfrScge57HVGqi3vEyEJ8FQExUjN65htIDL8qq9hE-1782439886.4702225-1.0.1.1-mGFCk5VhrIKI17_TnEz.ZRM7UvPpB02kP8YO4giMFDBMpu7Fg0m2H4Wudiyk0etAPZt_PGNdbI0DHtKQmQddpmjj_f3au5A5YtIxcXbC_Mi8QQqX.fHP_BIFFFcU.rN.; HttpOnly; SameSite=None; Secure; Path=/; Domain=preview.emergentagent.com; Expires=Fri, 26 Jun 2026 02:41:26 GMT', 'X-Robots-Tag': 'noindex, nofollow'}.get&#10; +      where {'Date': 'Fri, 26 Jun 2026 02:11:26 GMT', 'Content-Type': 'image/png', 'Content-Length': '282', 'Connection': 'keep-alive', 'CF-Ray': 'a118ae6a6ba33426-ORD', 'CF-Cache-Status': 'DYNAMIC', 'Access-Control-Allow-Origin': '*', 'Cache-Control': 'no-store, no-cache, must-revalidate', 'Server': 'cloudflare', 'Via': '1.1 google', 'Access-Control-Allow-Headers': '*', 'Access-Control-Allow-Methods': 'GET, POST, PUT, DELETE, OPTIONS, HEAD, PATCH', 'Access-Control-Max-Age': '300', 'set-cookie': '__cf_bm=HymfrScge57HVGqi3vEyEJ8FQExUjN65htIDL8qq9hE-1782439886.4702225-1.0.1.1-mGFCk5VhrIKI17_TnEz.ZRM7UvPpB02kP8YO4giMFDBMpu7Fg0m2H4Wudiyk0etAPZt_PGNdbI0DHtKQmQddpmjj_f3au5A5YtIxcXbC_Mi8QQqX.fHP_BIFFFcU.rN.; HttpOnly; SameSite=None; Secure; Path=/; Domain=preview.emergentagent.com; Expires=Fri, 26 Jun 2026 02:41:26 GMT', 'X-Robots-Tag': 'noindex, nofollow'} = &lt;Response [200]&gt;.headers">backend/tests/test_file_serving.py:49: in test_serve_file_returns_image_200
    assert "max-age" in r.headers.get("Cache-Control", "")
E   AssertionError: assert 'max-age' in 'no-store, no-cache, must-revalidate'
E    +  where 'no-store, no-cache, must-revalidate' = get('Cache-Control', '')
E    +    where get = {'Date': 'Fri, 26 Jun 2026 02:11:26 GMT', 'Content-Type': 'image/png', 'Content-Length': '282', 'Connection': 'keep-alive', 'CF-Ray': 'a118ae6a6ba33426-ORD', 'CF-Cache-Status': 'DYNAMIC', 'Access-Control-Allow-Origin': '*', 'Cache-Control': 'no-store, no-cache, must-revalidate', 'Server': 'cloudflare', 'Via': '1.1 google', 'Access-Control-Allow-Headers': '*', 'Access-Control-Allow-Methods': 'GET, POST, PUT, DELETE, OPTIONS, HEAD, PATCH', 'Access-Control-Max-Age': '300', 'set-cookie': '__cf_bm=HymfrScge57HVGqi3vEyEJ8FQExUjN65htIDL8qq9hE-1782439886.4702225-1.0.1.1-mGFCk5VhrIKI17_TnEz.ZRM7UvPpB02kP8YO4giMFDBMpu7Fg0m2H4Wudiyk0etAPZt_PGNdbI0DHtKQmQddpmjj_f3au5A5YtIxcXbC_Mi8QQqX.fHP_BIFFFcU.rN.; HttpOnly; SameSite=None; Secure; Path=/; Domain=preview.emergentagent.com; Expires=Fri, 26 Jun 2026 02:41:26 GMT', 'X-Robots-Tag': 'noindex, nofollow'}.get
E    +      where {'Date': 'Fri, 26 Jun 2026 02:11:26 GMT', 'Content-Type': 'image/png', 'Content-Length': '282', 'Connection': 'keep-alive', 'CF-Ray': 'a118ae6a6ba33426-ORD', 'CF-Cache-Status': 'DYNAMIC', 'Access-Control-Allow-Origin': '*', 'Cache-Control': 'no-store, no-cache, must-revalidate', 'Server': 'cloudflare', 'Via': '1.1 google', 'Access-Control-Allow-Headers': '*', 'Access-Control-Allow-Methods': 'GET, POST, PUT, DELETE, OPTIONS, HEAD, PATCH', 'Access-Control-Max-Age': '300', 'set-cookie': '__cf_bm=HymfrScge57HVGqi3vEyEJ8FQExUjN65htIDL8qq9hE-1782439886.4702225-1.0.1.1-mGFCk5VhrIKI17_TnEz.ZRM7UvPpB02kP8YO4giMFDBMpu7Fg0m2H4Wudiyk0etAPZt_PGNdbI0DHtKQmQddpmjj_f3au5A5YtIxcXbC_Mi8QQqX.fHP_BIFFFcU.rN.; HttpOnly; SameSite=None; Secure; Path=/; Domain=preview.emergentagent.com; Expires=Fri, 26 Jun 2026 02:41:26 GMT', 'X-Robots-Tag': 'noindex, nofollow'} = &lt;Response [200]&gt;.headers</failure></testcase><testcase classname="tests.test_file_serving" name="test_serve_file_404_on_missing_path" time="0.887" /><testcase classname="tests.test_flipbook_v2" name="test_crop_reduces_dimensions" time="0.623" /><testcase classname="tests.test_flipbook_v2" name="test_crop_invalid_region" time="0.657" /></testsuite></testsuites>