<?xml version="1.0" encoding="utf-8"?><testsuites name="pytest tests"><testsuite name="pytest" errors="0" failures="0" skipped="0" tests="10" time="5.128" timestamp="2026-06-26T02:00:06.953513+00:00" hostname="agent-env-ebbdd96e-27c1-43e4-8b34-1d792af8df77"><testcase classname="tests.test_flipbook_v2" name="test_pages_have_dimensions" time="1.055" /><testcase classname="tests.test_flipbook_v2" name="test_share_lifecycle" time="0.440" /><testcase classname="tests.test_flipbook_v2" name="test_share_invalid_id" time="0.107" /><testcase classname="tests.test_flipbook_v2" name="test_share_404_on_missing_book" time="0.106" /><testcase classname="tests.test_flipbook_v2" name="test_set_cover_from_page" time="0.265" /><testcase classname="tests.test_flipbook_v2" name="test_upload_custom_cover" time="0.506" /><testcase classname="tests.test_flipbook_v2" name="test_cover_rejects_non_image" time="0.169" /><testcase classname="tests.test_flipbook_v2" name="test_rotate_swaps_dimensions" time="0.858" /><testcase classname="tests.test_flipbook_v2" name="test_crop_reduces_dimensions" time="0.660" /><testcase classname="tests.test_flipbook_v2" name="test_crop_invalid_region" time="0.433" /></testsuite></testsuites>